 WARN [2015-10-26 15:49:54,796] (ProjectAddEvaluator.java:visit:75) - Unable to add skip builder flag to added project 'P/RemoteSystemsTempFiles': Resource '/RemoteSystemsTempFiles' is not open. Cause:
 (1) Resource '/RemoteSystemsTempFiles' is not open.
 WARN [2015-10-26 15:49:54,816] (ProjectAddEvaluator.java:visit:90) - Unable to add skip builder flag to added project 'P/RemoteSystemsTempFiles': Resource '/RemoteSystemsTempFiles' is not open. Cause:
 (1) Resource '/RemoteSystemsTempFiles' is not open.
 WARN [2016-01-12 17:57:57,585] (ConnectionFactory.java:clearCache:217) - No cached connections
 WARN [2016-01-12 17:57:57,661] (DescribeObjectRegistry.java:clearCache:660) - No cached describes
 WARN [2016-01-12 17:57:57,662] (MetadataFactory.java:clearCache:125) - No cached metadata stubs
 WARN [2016-01-15 18:30:36,027] (ConnectionFactory.java:clearCache:217) - No cached connections
 WARN [2016-01-15 18:30:37,258] (DescribeObjectRegistry.java:clearCache:660) - No cached describes
 WARN [2016-01-15 18:30:37,261] (MetadataFactory.java:clearCache:125) - No cached metadata stubs
 WARN [2016-01-15 21:26:00,641] (ConnectionFactory.java:clearCache:217) - No cached connections
 WARN [2016-01-15 21:26:07,326] (DescribeObjectRegistry.java:clearCache:660) - No cached describes
 WARN [2016-01-15 21:26:07,327] (MetadataFactory.java:clearCache:125) - No cached metadata stubs
 WARN [2016-02-02 12:59:10,358] (ConnectionFactory.java:clearCache:217) - No cached connections
 WARN [2016-02-02 12:59:16,547] (DescribeObjectRegistry.java:clearCache:660) - No cached describes
 WARN [2016-02-02 12:59:16,570] (MetadataFactory.java:clearCache:125) - No cached metadata stubs
 WARN [2016-02-17 13:09:20,847] (ConnectionFactory.java:clearCache:217) - No cached connections
 WARN [2016-02-17 13:09:21,020] (DescribeObjectRegistry.java:clearCache:660) - No cached describes
 WARN [2016-02-17 13:09:21,022] (MetadataFactory.java:clearCache:125) - No cached metadata stubs
 WARN [2016-02-18 12:53:59,904] (ConnectionFactory.java:clearCache:217) - No cached connections
 WARN [2016-02-18 12:53:59,909] (DescribeObjectRegistry.java:clearCache:660) - No cached describes
 WARN [2016-02-18 12:53:59,912] (MetadataFactory.java:clearCache:125) - No cached metadata stubs
 WARN [2016-02-19 17:45:21,853] (ConnectionFactory.java:clearCache:217) - No cached connections
 WARN [2016-02-19 17:45:22,384] (DescribeObjectRegistry.java:clearCache:660) - No cached describes
 WARN [2016-02-19 17:45:22,385] (MetadataFactory.java:clearCache:125) - No cached metadata stubs
 WARN [2016-02-22 17:56:04,850] (ConnectionFactory.java:clearCache:217) - No cached connections
 WARN [2016-02-22 17:56:04,987] (DescribeObjectRegistry.java:clearCache:660) - No cached describes
 WARN [2016-02-22 17:56:04,987] (MetadataFactory.java:clearCache:125) - No cached metadata stubs
 WARN [2016-04-15 14:09:48,153] (ConnectionFactory.java:clearCache:217) - No cached connections
 WARN [2016-04-15 14:10:21,071] (DescribeObjectRegistry.java:clearCache:660) - No cached describes
 WARN [2016-04-15 14:10:21,102] (MetadataFactory.java:clearCache:125) - No cached metadata stubs
